<?xml version="1.0" encoding="UTF-8"?>
<!-- Generated by org.testng.reporters.JUnitReportReporter -->
<testsuite hostname="DESKTOP-TT21EVO" failures="0" tests="1" name="marlin_temp.Marlin_Temp2" time="48.465" errors="0" timestamp="2022-10-17T21:17:42 IST" skipped="0">
  <testcase classname="marlin_temp.Marlin_Temp2" name="Marlin_temp_check" time="48.465"/>
  <system-out/>
</testsuite> <!-- marlin_temp.Marlin_Temp2 -->
